<component name="libraryTable">
  <library name="junit5-r5.6">
    <CLASSES>
      <root url="file://$PROJECT_DIR$/libs/junit5-r5.6.0" />
      <root url="file://$PROJECT_DIR$/libs/commons-collections4-4.4 2" />
    </CLASSES>
    <JAVADOC>
      <root url="file://$PROJECT_DIR$/libs/commons-collections4-4.4 2/apidocs" />
    </JAVADOC>
    <SOURCES>
      <root url="file://$PROJECT_DIR$/libs/commons-collections4-4.4 2" />
    </SOURCES>
    <jarDirectory url="file://$PROJECT_DIR$/libs/commons-collections4-4.4 2" recursive="false" />
    <jarDirectory url="file://$PROJECT_DIR$/libs/junit5-r5.6.0" recursive="false" />
    <jarDirectory url="file://$PROJECT_DIR$/libs/commons-collections4-4.4 2" recursive="false" type="SOURCES" />
  </library>
</component>